This is pdfTeX, Version 3.14159265-2.6-1.40.17 (MiKTeX 2.9.6100 64-bit) (preloaded format=pdflatex 2016.12.21)  30 MAY 2017 13:48
entering extended mode
**./indi.tex
(indi.tex
LaTeX2e <2016/03/31> patch level 3
Babel <3.9r> and hyphenation patterns for 75 language(s) loaded.
("C:\Program Files\MiKTeX 2.9\tex\latex\base\article.cls"
Document Class: article 2014/09/29 v1.4h Standard LaTeX document class
("C:\Program Files\MiKTeX 2.9\tex\latex\base\size10.clo"
File: size10.clo 2014/09/29 v1.4h Standard LaTeX file (size option)
)
\c@part=\count79
\c@section=\count80
\c@subsection=\count81
\c@subsubsection=\count82
\c@paragraph=\count83
\c@subparagraph=\count84
\c@figure=\count85
\c@table=\count86
\abovecaptionskip=\skip41
\belowcaptionskip=\skip42
\bibindent=\dimen102
) (extsizes.sty
Package: extsizes 1996/10/08 v1.0 Non Standard LaTeX Package


Package ExtSizes Warning: It is better to use one of the extsizes classes,
 if you can.

("C:\Program Files\MiKTeX 2.9\tex\latex\extsizes\size9.clo"
File: size9.clo 1999/11/11 v1.4a NON-Standard LaTeX file (size option)
)) (natbib.sty
Package: natbib 2003/06/06 7.1 (PWD)
\bibhang=\skip43
\bibsep=\skip44
LaTeX Info: Redefining \cite on input line 518.
\c@NAT@ctr=\count87
)
(mhchem.sty
Package: mhchem 2007/05/19 v3.07 for typesetting chemical formulae
 ("C:\Program Files\MiKTeX 2.9\tex\latex\base\ifthen.sty"
Package: ifthen 2014/09/29 v1.1c Standard LaTeX ifthen package (DPC)
)
("C:\Program Files\MiKTeX 2.9\tex\latex\tools\calc.sty"
Package: calc 2014/10/28 v4.3 Infix arithmetic (KKT,FJ)
\calc@Acount=\count88
\calc@Bcount=\count89
\calc@Adimen=\dimen103
\calc@Bdimen=\dimen104
\calc@Askip=\skip45
\calc@Bskip=\skip46
LaTeX Info: Redefining \setlength on input line 80.
LaTeX Info: Redefining \addtolength on input line 81.
\calc@Ccount=\count90
\calc@Cskip=\skip47
)
("C:\Program Files\MiKTeX 2.9\tex\latex\oberdiek\twoopt.sty"
Package: twoopt 2016/05/16 v1.6 Definitions with two optional arguments (HO)
)
("C:\Program Files\MiKTeX 2.9\tex\latex\amsmath\amsmath.sty"
Package: amsmath 2016/06/28 v2.15d AMS math features
\@mathmargin=\skip48

For additional information on amsmath, use the `?' option.
("C:\Program Files\MiKTeX 2.9\tex\latex\amsmath\amstext.sty"
Package: amstext 2000/06/29 v2.01 AMS text

("C:\Program Files\MiKTeX 2.9\tex\latex\amsmath\amsgen.sty"
File: amsgen.sty 1999/11/30 v2.0 generic functions
\@emptytoks=\toks14
\ex@=\dimen105
))
("C:\Program Files\MiKTeX 2.9\tex\latex\amsmath\amsbsy.sty"
Package: amsbsy 1999/11/29 v1.2d Bold Symbols
\pmbraise@=\dimen106
)
("C:\Program Files\MiKTeX 2.9\tex\latex\amsmath\amsopn.sty"
Package: amsopn 2016/03/08 v2.02 operator names
)
\inf@bad=\count91
LaTeX Info: Redefining \frac on input line 199.
\uproot@=\count92
\leftroot@=\count93
LaTeX Info: Redefining \overline on input line 297.
\classnum@=\count94
\DOTSCASE@=\count95
LaTeX Info: Redefining \ldots on input line 394.
LaTeX Info: Redefining \dots on input line 397.
LaTeX Info: Redefining \cdots on input line 518.
\Mathstrutbox@=\box26
\strutbox@=\box27
\big@size=\dimen107
LaTeX Font Info:    Redeclaring font encoding OML on input line 634.
LaTeX Font Info:    Redeclaring font encoding OMS on input line 635.
\macc@depth=\count96
\c@MaxMatrixCols=\count97
\dotsspace@=\muskip10
\c@parentequation=\count98
\dspbrk@lvl=\count99
\tag@help=\toks15
\row@=\count100
\column@=\count101
\maxfields@=\count102
\andhelp@=\toks16
\eqnshift@=\dimen108
\alignsep@=\dimen109
\tagshift@=\dimen110
\tagwidth@=\dimen111
\totwidth@=\dimen112
\lineht@=\dimen113
\@envbody=\toks17
\multlinegap=\skip49
\multlinetaggap=\skip50
\mathdisplay@stack=\toks18
LaTeX Info: Redefining \[ on input line 2739.
LaTeX Info: Redefining \] on input line 2740.
)
("C:\Program Files\MiKTeX 2.9\tex\latex\graphics\keyval.sty"
Package: keyval 2014/10/28 v1.15 key=value parser (DPC)
\KV@toks@=\toks19
)
("C:\Program Files\MiKTeX 2.9\tex\latex\graphics\graphics.sty"
Package: graphics 2016/07/10 v1.0t Standard LaTeX Graphics (DPC,SPQR)

("C:\Program Files\MiKTeX 2.9\tex\latex\graphics\trig.sty"
Package: trig 2016/01/03 v1.10 sin cos tan (DPC)
)
("C:\Program Files\MiKTeX 2.9\tex\latex\graphics-cfg\graphics.cfg"
File: graphics.cfg 2016/06/04 v1.11 sample graphics configuration
)
Package graphics Info: Driver file: pdftex.def on input line 99.

("C:\Program Files\MiKTeX 2.9\tex\latex\graphics-def\pdftex.def"
File: pdftex.def 2016/07/10 v0.06j Graphics/color for pdfTeX

("C:\Program Files\MiKTeX 2.9\tex\generic\oberdiek\infwarerr.sty"
Package: infwarerr 2016/05/16 v1.4 Providing info/warning/error messages (HO)
)
("C:\Program Files\MiKTeX 2.9\tex\generic\oberdiek\ltxcmds.sty"
Package: ltxcmds 2016/05/16 v1.23 LaTeX kernel commands for general use (HO)
)
\Gread@gobject=\count103
))
\tok@mhchem@ce@iii=\toks20
\mhchem@arrowminlength=\skip51
\mhchem@arrows@box=\box28
\mhchem@arrowlength@pgf=\skip52
\mhchem@arrowminlength@pgf=\skip53
\mhchem@bondwidth=\skip54
\mhchem@bondheight=\skip55
\mhchem@smallbondwidth@tmpA=\skip56
\mhchem@smallbondwidth@tmpB=\skip57
\mhchem@smallbondwidth=\skip58
\mhchem@cf@element=\toks21
\mhchem@cf@number=\toks22
\mhchem@cf@sup=\toks23
\tok@mhchem@cf@i=\toks24
\c@mhchem@cf@length=\count104
\mhchem@cf@replaceminus@tok=\toks25
\mhchem@option@minussidebearingleft=\skip59
\mhchem@option@minussidebearingright=\skip60
)
(geometry.sty
Package: geometry 2000/06/28 v2.3 Page Geometry
\Geom@cnth=\count105
\Geom@cntv=\count106
 ("C:\Program Files\MiKTeX 2.9\tex\latex\geometry\geometry.cfg"))
(balance.sty
Package: balance 1999/02/23 4.3 (PWD)
\oldvsize=\dimen114
) (times.sty
Package: times 2002/09/08 PSNFSS-v9.0a (SPQR) 
) (mathptmx.sty
Package: mathptmx 1998/06/30 Times + math package from fontinst
LaTeX Font Info:    Redeclaring symbol font `operators' on input line 6.
LaTeX Font Info:    Overwriting symbol font `operators' in version `normal'
(Font)                  OT1/cmr/m/n --> OT1/ztmcm/m/n on input line 6.
LaTeX Font Info:    Overwriting symbol font `operators' in version `bold'
(Font)                  OT1/cmr/bx/n --> OT1/ztmcm/m/n on input line 6.
LaTeX Font Info:    Redeclaring symbol font `letters' on input line 7.
LaTeX Font Info:    Overwriting symbol font `letters' in version `normal'
(Font)                  OML/cmm/m/it --> OML/ztmcm/m/it on input line 7.
LaTeX Font Info:    Overwriting symbol font `letters' in version `bold'
(Font)                  OML/cmm/b/it --> OML/ztmcm/m/it on input line 7.
LaTeX Font Info:    Redeclaring symbol font `symbols' on input line 8.
LaTeX Font Info:    Overwriting symbol font `symbols' in version `normal'
(Font)                  OMS/cmsy/m/n --> OMS/ztmcm/m/n on input line 8.
LaTeX Font Info:    Overwriting symbol font `symbols' in version `bold'
(Font)                  OMS/cmsy/b/n --> OMS/ztmcm/m/n on input line 8.
LaTeX Font Info:    Redeclaring symbol font `largesymbols' on input line 9.
LaTeX Font Info:    Overwriting symbol font `largesymbols' in version `normal'
(Font)                  OMX/cmex/m/n --> OMX/ztmcm/m/n on input line 9.
LaTeX Font Info:    Overwriting symbol font `largesymbols' in version `bold'
(Font)                  OMX/cmex/m/n --> OMX/ztmcm/m/n on input line 9.
\symbold=\mathgroup4
\symitalic=\mathgroup5
LaTeX Font Info:    Redeclaring math alphabet \mathbf on input line 12.
LaTeX Font Info:    Overwriting math alphabet `\mathbf' in version `normal'
(Font)                  OT1/cmr/bx/n --> OT1/ptm/bx/n on input line 12.
LaTeX Font Info:    Overwriting math alphabet `\mathbf' in version `bold'
(Font)                  OT1/cmr/bx/n --> OT1/ptm/bx/n on input line 12.
LaTeX Font Info:    Redeclaring math alphabet \mathit on input line 13.
LaTeX Font Info:    Overwriting math alphabet `\mathit' in version `normal'
(Font)                  OT1/cmr/m/it --> OT1/ptm/m/it on input line 13.
LaTeX Font Info:    Overwriting math alphabet `\mathit' in version `bold'
(Font)                  OT1/cmr/bx/it --> OT1/ptm/m/it on input line 13.
) (sectsty.sty
Package: sectsty 1999/04/12 v2.0.1 Commands to change all sectional heading sty
les
) (graphicx.sty
Package: graphicx 2014/04/25 v1.0g Enhanced LaTeX Graphics (DPC,SPQR)
\Gin@req@height=\dimen115
\Gin@req@width=\dimen116
)
(lastpage.sty
Package: lastpage 2013/01/28 v1.2l Refers to last page's name (HMM; JPG)
) (caption.sty
Package: caption 2013/05/02 v3.3-89 Customizing captions (AR)

("C:\Program Files\MiKTeX 2.9\tex\latex\caption\caption3.sty"
Package: caption3 2016/05/22 v1.7-166 caption3 kernel (AR)
Package caption3 Info: TeX engine: e-TeX on input line 67.
\captionmargin=\dimen117
\captionmargin@=\dimen118
\captionwidth=\dimen119
\caption@tempdima=\dimen120
\caption@indent=\dimen121
\caption@parindent=\dimen122
\caption@hangindent=\dimen123
)
\c@ContinuedFloat=\count107
) (float.sty
Package: float 2001/11/08 v1.3d Float enhancements (AL)
\c@float@type=\count108
\float@exts=\toks26
\float@box=\box29
\@float@everytoks=\toks27
\@floatcapt=\box30
)
(fancyhdr.sty
\fancy@headwidth=\skip61
\f@ncyO@elh=\skip62
\f@ncyO@erh=\skip63
\f@ncyO@olh=\skip64
\f@ncyO@orh=\skip65
\f@ncyO@elf=\skip66
\f@ncyO@erf=\skip67
\f@ncyO@olf=\skip68
\f@ncyO@orf=\skip69
) (fnpos.sty
Package: fnpos 1999/07/14 v1.0 
) (babel.sty
Package: babel 2014/03/24 3.9k The Babel package

("C:\Program Files\MiKTeX 2.9\tex\generic\babel\switch.def"
File: switch.def 2016/04/23 3.9r Babel switching mechanism
)
*************************************
* Local config file bblopts.cfg used
*
("C:\Program Files\MiKTeX 2.9\tex\latex\arabi\bblopts.cfg"
File: bblopts.cfg 2005/09/08 v0.1 add Arabic and Farsi to "declared" options of
 babel
)
("C:\Program Files\MiKTeX 2.9\tex\latex\babel-english\english.ldf"
Language: english 2012/08/20 v3.3p English support from the babel system

("C:\Program Files\MiKTeX 2.9\tex\generic\babel\babel.def"
File: babel.def 2016/04/23 3.9r Babel common definitions
\babel@savecnt=\count109
\U@D=\dimen124
)
\l@canadian = a dialect from \language\l@american 
\l@australian = a dialect from \language\l@british 
\l@newzealand = a dialect from \language\l@british 
)) (array.sty
Package: array 1998/05/13 v2.3m Tabular extension package (FMi)
\col@sep=\dimen125
\extrarowheight=\dimen126
\NC@list=\toks28
\extratabsurround=\skip70
\backup@length=\skip71
)
(droidsans.sty
Package: droidsans 2011/09/11 Droid Sans
 ("C:\Program Files\MiKTeX 2.9\tex\latex\slantsc\slantsc.sty"
Package: slantsc 2012/01/01 v2.11 Provide Slanted an Italic Small Caps
LaTeX Info: Redefining \upshape on input line 35.
LaTeX Info: Redefining \slshape on input line 45.
LaTeX Info: Redefining \itshape on input line 55.
LaTeX Info: Redefining \scshape on input line 65.
))
(charter.sty
File: charter.sty LaTeX2e fontinst (PhB)
Package: charter 94/10/22 3q LaTeX2e fontinst (PhB)
) (fontenc.sty
Package: fontenc 2005/09/27 v1.99g Standard LaTeX package
 ("C:\Program Files\MiKTeX 2.9\tex\latex\base\t1enc.def"
File: t1enc.def 2016/06/19 v1.99m Standard LaTeX file
LaTeX Font Info:    Redeclaring font encoding T1 on input line 48.
))
(xcolor.sty
Package: xcolor 2004/07/04 v2.00 LaTeX color extensions (UK)
 ("C:\Program Files\MiKTeX 2.9\tex\latex\graphics-cfg\color.cfg"
File: color.cfg 2016/01/02 v1.6 sample color configuration
)
Package xcolor Info: Package option `usenames' ignored on input line 128.
Package xcolor Info: Driver file: pdftex.def on input line 136.
Package xcolor Info: Color model `cmy' added on input line 972.
Package xcolor Info: Color model `hsb' added on input line 980.
Package xcolor Info: Color model `HTML' added on input line 1000.
Package xcolor Info: Color model `HSB' added on input line 1006.
Package xcolor Info: Color model `Gray' added on input line 1012.

("C:\Program Files\MiKTeX 2.9\tex\latex\graphics\dvipsnam.def"
File: dvipsnam.def 2016/06/17 v3.0m Driver-dependent file (DPC,SPQR)
)) (setspace.sty
Package: setspace 2011/12/19 v6.7a set line spacing
) (titlesec.sty
Package: titlesec 2011/12/15 v2.10.0 Sectioning titles
\ttl@box=\box31
\beforetitleunit=\skip72
\aftertitleunit=\skip73
\ttl@plus=\dimen127
\ttl@minus=\dimen128
\ttl@toksa=\toks29
\titlewidth=\dimen129
\titlewidthlast=\dimen130
\titlewidthfirst=\dimen131
) ("C:\Program Files\MiKTeX 2.9\tex\latex\oberdiek\epstopdf.sty"
Package: epstopdf 2016/05/15 v2.6 Conversion with epstopdf on the fly (HO)

("C:\Program Files\MiKTeX 2.9\tex\latex\oberdiek\epstopdf-base.sty"
Package: epstopdf-base 2016/05/15 v2.6 Base part for package epstopdf

("C:\Program Files\MiKTeX 2.9\tex\latex\oberdiek\grfext.sty"
Package: grfext 2016/05/16 v1.2 Manage graphics extensions (HO)

("C:\Program Files\MiKTeX 2.9\tex\generic\oberdiek\kvdefinekeys.sty"
Package: kvdefinekeys 2016/05/16 v1.4 Define keys (HO)
))
("C:\Program Files\MiKTeX 2.9\tex\latex\oberdiek\kvoptions.sty"
Package: kvoptions 2016/05/16 v3.12 Key value format for package options (HO)

("C:\Program Files\MiKTeX 2.9\tex\generic\oberdiek\kvsetkeys.sty"
Package: kvsetkeys 2016/05/16 v1.17 Key value parser (HO)

("C:\Program Files\MiKTeX 2.9\tex\generic\oberdiek\etexcmds.sty"
Package: etexcmds 2016/05/16 v1.6 Avoid name clashes with e-TeX commands (HO)

("C:\Program Files\MiKTeX 2.9\tex\generic\oberdiek\ifluatex.sty"
Package: ifluatex 2016/05/16 v1.4 Provides the ifluatex switch (HO)
Package ifluatex Info: LuaTeX not detected.
)
Package etexcmds Info: Could not find \expanded.
(etexcmds)             That can mean that you are not using pdfTeX 1.50 or
(etexcmds)             that some package has redefined \expanded.
(etexcmds)             In the latter case, load this package earlier.
)))
("C:\Program Files\MiKTeX 2.9\tex\generic\oberdiek\pdftexcmds.sty"
Package: pdftexcmds 2016/05/21 v0.22 Utility functions of pdfTeX for LuaTeX (HO
)

("C:\Program Files\MiKTeX 2.9\tex\generic\oberdiek\ifpdf.sty"
Package: ifpdf 2016/05/14 v3.1 Provides the ifpdf switch
)
Package pdftexcmds Info: LuaTeX not detected.
Package pdftexcmds Info: \pdf@primitive is available.
Package pdftexcmds Info: \pdf@ifprimitive is available.
Package pdftexcmds Info: \pdfdraftmode found.
)
Package epstopdf-base Info: Redefining graphics rule for `.eps' on input line 4
38.
Package grfext Info: Graphics extension search list:
(grfext)             [.png,.pdf,.jpg,.mps,.jpeg,.jbig2,.jb2,.PNG,.PDF,.JPG,.JPE
G,.JBIG2,.JB2,.eps]
(grfext)             \AppendGraphicsExtensions on input line 456.
)) (indi.aux)
\openout1 = `indi.aux'.

LaTeX Font Info:    Checking defaults for OML/cmm/m/it on input line 37.
LaTeX Font Info:    ... okay on input line 37.
LaTeX Font Info:    Checking defaults for T1/cmr/m/n on input line 37.
LaTeX Font Info:    ... okay on input line 37.
LaTeX Font Info:    Checking defaults for OT1/cmr/m/n on input line 37.
LaTeX Font Info:    ... okay on input line 37.
LaTeX Font Info:    Checking defaults for OMS/cmsy/m/n on input line 37.
LaTeX Font Info:    ... okay on input line 37.
LaTeX Font Info:    Checking defaults for OMX/cmex/m/n on input line 37.
LaTeX Font Info:    ... okay on input line 37.
LaTeX Font Info:    Checking defaults for U/cmr/m/n on input line 37.
LaTeX Font Info:    ... okay on input line 37.
LaTeX Font Info:    Try loading font information for T1+bch on input line 37.

("C:\Program Files\MiKTeX 2.9\tex\latex\psnfss\t1bch.fd"
File: t1bch.fd 2004/10/18 font definitions for T1/bch.
)
("C:\Program Files\MiKTeX 2.9\tex\context\base\supp-pdf.mkii"
[Loading MPS to PDF converter (version 2006.09.02).]
\scratchcounter=\count110
\scratchdimen=\dimen132
\scratchbox=\box32
\nofMPsegments=\count111
\nofMParguments=\count112
\everyMPshowfont=\toks30
\MPscratchCnt=\count113
\MPscratchDim=\dimen133
\MPnumerator=\count114
\makeMPintoPDFobject=\count115
\everyMPtoPDFconversion=\toks31
)
Package lastpage Info: Please have a look at the pageslts package at
(lastpage)             http://www.ctan.org/tex-archive/ 
(lastpage)             macros/latex/contrib/pageslts/ 
(lastpage)             or
(lastpage)             http://www.ctan.org/tex-archive/ 
(lastpage)             install/macros/latex/contrib/pageslts.tds.zip
(lastpage)             ! on input line 37.
Package caption Info: Begin \AtBeginDocument code.
Package caption Info: float package is loaded.
Package caption Info: End \AtBeginDocument code.
\figrulesep=\skip74
LaTeX Font Info:    Try loading font information for T1+phv on input line 131.
 ("C:\Program Files\MiKTeX 2.9\tex\latex\psnfss\t1phv.fd"
File: t1phv.fd 2001/06/04 scalable font definitions for T1/phv.
)
LaTeX Font Info:    Try loading font information for OT1+ztmcm on input line 13
1.

("C:\Program Files\MiKTeX 2.9\tex\latex\psnfss\ot1ztmcm.fd"
File: ot1ztmcm.fd 2000/01/03 Fontinst v1.801 font definitions for OT1/ztmcm.
)
LaTeX Font Info:    Try loading font information for OML+ztmcm on input line 13
1.

("C:\Program Files\MiKTeX 2.9\tex\latex\psnfss\omlztmcm.fd"
File: omlztmcm.fd 2000/01/03 Fontinst v1.801 font definitions for OML/ztmcm.
)
LaTeX Font Info:    Try loading font information for OMS+ztmcm on input line 13
1.

("C:\Program Files\MiKTeX 2.9\tex\latex\psnfss\omsztmcm.fd"
File: omsztmcm.fd 2000/01/03 Fontinst v1.801 font definitions for OMS/ztmcm.
)
LaTeX Font Info:    Try loading font information for OMX+ztmcm on input line 13
1.

("C:\Program Files\MiKTeX 2.9\tex\latex\psnfss\omxztmcm.fd"
File: omxztmcm.fd 2000/01/03 Fontinst v1.801 font definitions for OMX/ztmcm.
)
LaTeX Font Info:    Try loading font information for OT1+ptm on input line 131.


("C:\Program Files\MiKTeX 2.9\tex\latex\psnfss\ot1ptm.fd"
File: ot1ptm.fd 2001/06/04 font definitions for OT1/ptm.
)
LaTeX Font Info:    Font shape `OT1/ptm/bx/n' in size <9> not available
(Font)              Font shape `OT1/ptm/b/n' tried instead on input line 131.
LaTeX Font Info:    Font shape `OT1/ptm/bx/n' in size <7> not available
(Font)              Font shape `OT1/ptm/b/n' tried instead on input line 131.
LaTeX Font Info:    Font shape `OT1/ptm/bx/n' in size <5> not available
(Font)              Font shape `OT1/ptm/b/n' tried instead on input line 131.

<head_foot/DOI.pdf, id=1, 118.041pt x 9.8769pt>
File: head_foot/DOI.pdf Graphic file (type pdf)
 <use head_foot/DOI.pdf>
Package pdftex.def Info: head_foot/DOI.pdf used on input line 131.
(pdftex.def)             Requested size: 118.0407pt x 9.87688pt.
LaTeX Font Info:    Font shape `T1/phv/bx/n' in size <15> not available
(Font)              Font shape `T1/phv/b/n' tried instead on input line 131.
LaTeX Font Info:    Calculating math sizes for size <15> on input line 131.
LaTeX Font Info:    Font shape `OT1/ptm/bx/n' in size <15> not available
(Font)              Font shape `OT1/ptm/b/n' tried instead on input line 131.
LaTeX Font Info:    Font shape `OT1/ptm/bx/n' in size <10.49995> not available
(Font)              Font shape `OT1/ptm/b/n' tried instead on input line 131.
LaTeX Font Info:    Font shape `OT1/ptm/bx/n' in size <7.5> not available
(Font)              Font shape `OT1/ptm/b/n' tried instead on input line 131.
LaTeX Font Info:    Font shape `T1/phv/m/it' in size <10> not available
(Font)              Font shape `T1/phv/m/sl' tried instead on input line 131.
LaTeX Font Info:    Font shape `OT1/ptm/bx/n' in size <10> not available
(Font)              Font shape `OT1/ptm/b/n' tried instead on input line 131.
LaTeX Font Info:    Font shape `OT1/ptm/bx/n' in size <7.4> not available
(Font)              Font shape `OT1/ptm/b/n' tried instead on input line 131.
LaTeX Font Info:    Font shape `OT1/ptm/bx/n' in size <6> not available
(Font)              Font shape `OT1/ptm/b/n' tried instead on input line 131.

<head_foot/dates.pdf, id=2, 79.13565pt x 64.19984pt>
File: head_foot/dates.pdf Graphic file (type pdf)
 <use head_foot/dates.pdf>
Package pdftex.def Info: head_foot/dates.pdf used on input line 131.
(pdftex.def)             Requested size: 79.13544pt x 64.19968pt.

Overfull \hbox (7.21284pt too wide) in paragraph at lines 131--131
[][] 
 []

LaTeX Font Info:    Font shape `T1/bch/bx/n' in size <12> not available
(Font)              Font shape `T1/bch/b/n' tried instead on input line 137.
LaTeX Font Info:    Font shape `T1/phv/bx/n' in size <12> not available
(Font)              Font shape `T1/phv/b/n' tried instead on input line 137.

Underfull \hbox (badness 4686) in paragraph at lines 141--141
[][]$[]$ \T1/bch/m/it/7 In-sti-tute of Ex-per-i-men-tal Physics, Graz Uni-ver-s
ity of Tech-nol-ogy, Pe-ters-
 []


Underfull \hbox (badness 1448) in paragraph at lines 141--141
\T1/bch/m/it/7 gasse 16, A-8010 Graz, Aus-tria. E-mail: jo-hann.pototschnig@tug
raz.at, an-
 []

LaTeX Font Info:    Font shape `T1/bch/bx/n' in size <10> not available
(Font)              Font shape `T1/bch/b/n' tried instead on input line 159.
LaTeX Font Info:    Font shape `T1/bch/bx/n' in size <9> not available
(Font)              Font shape `T1/bch/b/n' tried instead on input line 159.
Package epstopdf Info: Source file: <1.eps>
(epstopdf)                    date: 2017-05-25 05:43:10
(epstopdf)                    size: 215908 bytes
(epstopdf)             Output file: <1-eps-converted-to.pdf>
(epstopdf)                    date: 2017-05-25 05:43:10
(epstopdf)                    size: 20483 bytes
(epstopdf)             Command: <epstopdf --outfile=1-eps-converted-to.pdf 1.ep
s>
(epstopdf)             \includegraphics on input line 168.
Package epstopdf Info: Output file is already uptodate.
<1-eps-converted-to.pdf, id=3, 586.19pt x 350.30875pt>
File: 1-eps-converted-to.pdf Graphic file (type pdf)

<use 1-eps-converted-to.pdf>
Package pdftex.def Info: 1-eps-converted-to.pdf used on input line 168.
(pdftex.def)             Requested size: 238.01991pt x 142.23775pt.
LaTeX Font Info:    Font shape `T1/phv/bx/n' in size <8> not available
(Font)              Font shape `T1/phv/b/n' tried instead on input line 169.
LaTeX Font Info:    Font shape `OT1/ptm/bx/n' in size <8> not available
(Font)              Font shape `OT1/ptm/b/n' tried instead on input line 169.


LaTeX Warning: `!h' float specifier changed to `!ht'.

<head_foot/journal_name.pdf, id=4, 227.6505pt x 45.2892pt>
File: head_foot/journal_name.pdf Graphic file (type pdf)

<use head_foot/journal_name.pdf>
Package pdftex.def Info: head_foot/journal_name.pdf used on input line 174.
(pdftex.def)             Requested size: 150.79515pt x 30.0pt.

<head_foot/header_bar.pdf, id=5, 512.1534pt x 36.135pt>
File: head_foot/header_bar.pdf Graphic file (type pdf)

<use head_foot/header_bar.pdf>
Package pdftex.def Info: head_foot/header_bar.pdf used on input line 174.
(pdftex.def)             Requested size: 526.37598pt x 37.14003pt.

<head_foot/RSC_LOGO_CMYK.pdf, id=6, 274.8669pt x 183.20445pt>
File: head_foot/RSC_LOGO_CMYK.pdf Graphic file (type pdf)

<use head_foot/RSC_LOGO_CMYK.pdf>
Package pdftex.def Info: head_foot/RSC_LOGO_CMYK.pdf used on input line 174.
(pdftex.def)             Requested size: 82.51521pt x 55.0pt.


Package Fancyhdr Warning: \headheight is too small (12.0pt): 
 Make it at least 110.56966pt.
 We now make it that large for the rest of the document.
 This may cause the page layout to be inconsistent, however.

<head_foot/LF.pdf, id=7, 154.5775pt x 8.03pt>
File: head_foot/LF.pdf Graphic file (type pdf)
 <use head_foot/LF.pdf>
Package pdftex.def Info: head_foot/LF.pdf used on input line 174.
(pdftex.def)             Requested size: 173.26239pt x 9.0pt.

<head_foot/RF.pdf, id=8, 90.45795pt x 7.4679pt>
File: head_foot/RF.pdf Graphic file (type pdf)
 <use head_foot/RF.pdf>
Package pdftex.def Info: head_foot/RF.pdf used on input line 174.
(pdftex.def)             Requested size: 90.4577pt x 7.46786pt.
 [1{C:/ProgramData/MiKTeX/2.9/pdftex/config/pdftex.map}


 <./head_foot/journal_name.pdf> <./head_foot/header_bar.pdf> <./head_foot/RSC_L
OGO_CMYK.pdf> <./head_foot/DOI.pdf> <./head_foot/dates.pdf> <./head_foot/LF.pdf
> <./head_foot/RF.pdf>]

LaTeX Warning: Reference `eq:2' on page 2 undefined on input line 182.


Underfull \hbox (badness 1502) in paragraph at lines 181--183
\T1/bch/m/n/9 with $\OML/ztmcm/m/it/9 E\OT1/ztmcm/m/n/9 [\OML/ztmcm/m/it/9 \OT
1/ztmcm/m/n/9 ]$ \T1/bch/m/n/9 de-not-ing the Orsay-Trento-density func-tional 
and
 []

Package epstopdf Info: Source file: <2.eps>
(epstopdf)                    date: 2017-05-30 13:47:13
(epstopdf)                    size: 111069 bytes
(epstopdf)             Output file: <2-eps-converted-to.pdf>
(epstopdf)             Command: <epstopdf --outfile=2-eps-converted-to.pdf 2.ep
s>
(epstopdf)             \includegraphics on input line 187.
runsystem(epstopdf --outfile=2-eps-converted-to.pdf 2.eps)...executed (allowed)
.

Package epstopdf Info: Result file: <2-eps-converted-to.pdf>.

! Package pdftex.def Error: File `2-eps-converted-to.pdf' not found.

See the pdftex.def package documentation for explanation.
Type  H <return>  for immediate help.
 ...                                              
                                                  
l.187 ...ludegraphics[width=0.45\textwidth]{2.eps}
                                                  
Using draft setting for this image.
Try typing  <return>  to proceed.
If that doesn't work, type  X <return>  to quit.

LaTeX Font Info:    Try loading font information for T1+pcr on input line 187.
("C:\Program Files\MiKTeX 2.9\tex\latex\psnfss\t1pcr.fd"
File: t1pcr.fd 2001/06/04 font definitions for T1/pcr.
)
Overfull \vbox (2.8254pt too high) has occurred while \output is active []


Overfull \vbox (2.90709pt too high) has occurred while \output is active []

File: head_foot/RF.pdf Graphic file (type pdf)

<use head_foot/RF.pdf>
Package pdftex.def Info: head_foot/RF.pdf used on input line 194.
(pdftex.def)             Requested size: 90.4577pt x 7.46786pt.
File: head_foot/LF.pdf Graphic file (type pdf)
 <use head_foot/LF.pdf>
Package pdftex.def Info: head_foot/LF.pdf used on input line 194.
(pdftex.def)             Requested size: 173.26239pt x 9.0pt.
 [2 <./1-eps-converted-to.pdf>]
Package epstopdf Info: Source file: <3.eps>
(epstopdf)                    date: 2017-05-25 05:43:10
(epstopdf)                    size: 27413 bytes
(epstopdf)             Output file: <3-eps-converted-to.pdf>
(epstopdf)                    date: 2017-05-25 05:43:10
(epstopdf)                    size: 17209 bytes
(epstopdf)             Command: <epstopdf --outfile=3-eps-converted-to.pdf 3.ep
s>
(epstopdf)             \includegraphics on input line 200.
Package epstopdf Info: Output file is already uptodate.

<3-eps-converted-to.pdf, id=142, 578.16pt x 289.08pt>
File: 3-eps-converted-to.pdf Graphic file (type pdf)

<use 3-eps-converted-to.pdf>
Package pdftex.def Info: 3-eps-converted-to.pdf used on input line 200.
(pdftex.def)             Requested size: 238.01991pt x 119.00877pt.

Underfull \vbox (badness 7777) has occurred while \output is active []

File: head_foot/LF.pdf Graphic file (type pdf)

<use head_foot/LF.pdf>
Package pdftex.def Info: head_foot/LF.pdf used on input line 211.
(pdftex.def)             Requested size: 173.26239pt x 9.0pt.
File: head_foot/RF.pdf Graphic file (type pdf)
 <use head_foot/RF.pdf>
Package pdftex.def Info: head_foot/RF.pdf used on input line 211.
(pdftex.def)             Requested size: 90.4577pt x 7.46786pt.
 [3 <./3-eps-converted-to.pdf>]
Package epstopdf Info: Source file: <4.eps>
(epstopdf)                    date: 2017-05-25 05:43:10
(epstopdf)                    size: 26817 bytes
(epstopdf)             Output file: <4-eps-converted-to.pdf>
(epstopdf)                    date: 2017-05-25 05:43:10
(epstopdf)                    size: 14382 bytes
(epstopdf)             Command: <epstopdf --outfile=4-eps-converted-to.pdf 4.ep
s>
(epstopdf)             \includegraphics on input line 218.
Package epstopdf Info: Output file is already uptodate.

<4-eps-converted-to.pdf, id=184, 505.89pt x 289.08pt>
File: 4-eps-converted-to.pdf Graphic file (type pdf)

<use 4-eps-converted-to.pdf>
Package pdftex.def Info: 4-eps-converted-to.pdf used on input line 218.
(pdftex.def)             Requested size: 238.01991pt x 136.01317pt.
Package epstopdf Info: Source file: <5.eps>
(epstopdf)                    date: 2017-05-25 05:43:10
(epstopdf)                    size: 1744860 bytes
(epstopdf)             Output file: <5-eps-converted-to.pdf>
(epstopdf)                    date: 2017-05-25 05:43:10
(epstopdf)                    size: 342389 bytes
(epstopdf)             Command: <epstopdf --outfile=5-eps-converted-to.pdf 5.ep
s>
(epstopdf)             \includegraphics on input line 227.
Package epstopdf Info: Output file is already uptodate.

<5-eps-converted-to.pdf, id=185, 1156.32pt x 433.62pt>
File: 5-eps-converted-to.pdf Graphic file (type pdf)

<use 5-eps-converted-to.pdf>
Package pdftex.def Info: 5-eps-converted-to.pdf used on input line 227.
(pdftex.def)             Requested size: 502.4883pt x 188.43129pt.
Package epstopdf Info: Source file: <6.eps>
(epstopdf)                    date: 2017-05-25 05:43:10
(epstopdf)                    size: 56568 bytes
(epstopdf)             Output file: <6-eps-converted-to.pdf>
(epstopdf)                    date: 2017-05-25 05:43:10
(epstopdf)                    size: 29452 bytes
(epstopdf)             Command: <epstopdf --outfile=6-eps-converted-to.pdf 6.ep
s>
(epstopdf)             \includegraphics on input line 236.
Package epstopdf Info: Output file is already uptodate.

<6-eps-converted-to.pdf, id=186, 578.16pt x 614.295pt>
File: 6-eps-converted-to.pdf Graphic file (type pdf)

<use 6-eps-converted-to.pdf>
Package pdftex.def Info: 6-eps-converted-to.pdf used on input line 236.
(pdftex.def)             Requested size: 238.01991pt x 252.89365pt.
Package epstopdf Info: Source file: <7.eps>
(epstopdf)                    date: 2017-05-30 13:44:17
(epstopdf)                    size: 109065 bytes
(epstopdf)             Output file: <7-eps-converted-to.pdf>
(epstopdf)             Command: <epstopdf --outfile=7-eps-converted-to.pdf 7.ep
s>
(epstopdf)             \includegraphics on input line 249.
runsystem(epstopdf --outfile=7-eps-converted-to.pdf 7.eps)...executed (allowed)
.

Package epstopdf Info: Result file: <7-eps-converted-to.pdf>.


! Package pdftex.def Error: File `7-eps-converted-to.pdf' not found.

See the pdftex.def package documentation for explanation.
Type  H <return>  for immediate help.
 ...                                              
                                                  
l.249 ...ludegraphics[width=0.45\textwidth]{7.eps}
                                                  
Using draft setting for this image.
Try typing  <return>  to proceed.
If that doesn't work, type  X <return>  to quit.

File: head_foot/RF.pdf Graphic file (type pdf)
<use head_foot/RF.pdf>
Package pdftex.def Info: head_foot/RF.pdf used on input line 256.
(pdftex.def)             Requested size: 90.4577pt x 7.46786pt.
File: head_foot/LF.pdf Graphic file (type pdf)
 <use head_foot/LF.pdf>
Package pdftex.def Info: head_foot/LF.pdf used on input line 256.
(pdftex.def)             Requested size: 173.26239pt x 9.0pt.
 [4 <./4-eps-converted-to.pdf>]
Overfull \hbox (273.71552pt too wide) has occurred while \output is active
[][][] 
 []


Overfull \vbox (7.00002pt too high) has occurred while \output is active []

File: head_foot/LF.pdf Graphic file (type pdf)

<use head_foot/LF.pdf>
Package pdftex.def Info: head_foot/LF.pdf used on input line 256.
(pdftex.def)             Requested size: 173.26239pt x 9.0pt.
File: head_foot/RF.pdf Graphic file (type pdf)
 <use head_foot/RF.pdf>
Package pdftex.def Info: head_foot/RF.pdf used on input line 256.
(pdftex.def)             Requested size: 90.4577pt x 7.46786pt.
 [5 <./5-eps-converted-to.pdf> <./6-eps-converted-to.pdf>] (indi.bbl
Underfull \hbox (badness 1590) in paragraph at lines 108--115
[]\T1/bch/m/n/9 F. Dal-fovo, A. Las-tri, L. Pri-cau-penko, S. Stringari and
 []


Underfull \vbox (badness 10000) has occurred while \output is active []

)

AED: lastpage setting LastPage
File: head_foot/RF.pdf Graphic file (type pdf)
<use head_foot/RF.pdf>
Package pdftex.def Info: head_foot/RF.pdf used on input line 263.
(pdftex.def)             Requested size: 90.4577pt x 7.46786pt.
File: head_foot/LF.pdf Graphic file (type pdf)
 <use head_foot/LF.pdf>
Package pdftex.def Info: head_foot/LF.pdf used on input line 263.
(pdftex.def)             Requested size: 173.26239pt x 9.0pt.
 [6] (indi.aux)

LaTeX Warning: There were undefined references.

 ) 
Here is how much of TeX's memory you used:
 6177 strings out of 493333
 87825 string characters out of 3139187
 182611 words of memory out of 3000000
 9481 multiletter control sequences out of 15000+200000
 109104 words of font info for 162 fonts, out of 3000000 for 9000
 1141 hyphenation exceptions out of 8191
 42i,15n,46p,3610b,441s stack positions out of 5000i,500n,10000p,200000b,50000s
{C:/Program Files/MiKTeX 2.9/fonts/enc/dvips/base/8r.enc}<C:/Program Files/Mi
KTeX 2.9/fonts/type1/bitstrea/charter/bchb8a.pfb><C:/Program Files/MiKTeX 2.9/f
onts/type1/bitstrea/charter/bchr8a.pfb><C:/Program Files/MiKTeX 2.9/fonts/type1
/bitstrea/charter/bchri8a.pfb><C:/Program Files/MiKTeX 2.9/fonts/type1/public/a
msfonts/cm/cmex10.pfb><C:/Program Files/MiKTeX 2.9/fonts/type1/public/amsfonts/
cm/cmmi10.pfb><C:/Program Files/MiKTeX 2.9/fonts/type1/public/amsfonts/cm/cmr10
.pfb><C:/Program Files/MiKTeX 2.9/fonts/type1/public/amsfonts/cm/cmr7.pfb><C:/P
rogram Files/MiKTeX 2.9/fonts/type1/public/amsfonts/cm/cmsy10.pfb><C:/Program F
iles/MiKTeX 2.9/fonts/type1/public/amsfonts/cm/cmsy7.pfb><C:/Program Files/MiKT
eX 2.9/fonts/type1/urw/courier/ucrr8a.pfb><C:/Program Files/MiKTeX 2.9/fonts/ty
pe1/urw/helvetic/uhvb8a.pfb><C:/Program Files/MiKTeX 2.9/fonts/type1/urw/helvet
ic/uhvr8a.pfb><C:/Program Files/MiKTeX 2.9/fonts/type1/urw/symbol/usyr.pfb><C:/
Program Files/MiKTeX 2.9/fonts/type1/urw/symbol/usyr.pfb><C:/Program Files/MiKT
eX 2.9/fonts/type1/urw/times/utmb8a.pfb><C:/Program Files/MiKTeX 2.9/fonts/type
1/urw/times/utmr8a.pfb><C:/Program Files/MiKTeX 2.9/fonts/type1/urw/times/utmri
8a.pfb>
Output written on indi.pdf (6 pages, 2577304 bytes).
PDF statistics:
 369 PDF objects out of 1000 (max. 8388607)
 0 named destinations out of 1000 (max. 500000)
 61 words of extra memory for PDF output out of 10000 (max. 10000000)

